{"__type":"$$EventMessageWorkflow","id":"74b4fc8d-2706-4a19-87f0-1c60256ab6d2","ts":"2025-09-11T13:43:10.475+00:00","eventName":"n8n.workflow.started","message":"n8n.workflow.started","payload":{"executionId":"3","workflowId":"jiQPh4BWiNxnPmm4","isManual":false,"workflowName":"My workflow 2"}}
{"__type":"$$EventMessageConfirm","confirm":"74b4fc8d-2706-4a19-87f0-1c60256ab6d2","ts":"2025-09-11T13:43:10.476+00:00","source":{"id":"0","name":"eventBus"}}
{"__type":"$$EventMessageNode","id":"ab69b49c-aa81-4b05-a85e-cae37bf8c28e","ts":"2025-09-11T13:43:10.478+00:00","eventName":"n8n.node.started","message":"n8n.node.started","payload":{"workflowId":"jiQPh4BWiNxnPmm4","workflowName":"My workflow 2","executionId":"3","nodeType":"n8n-nodes-base.manualTrigger","nodeName":"When clicking ‘Execute workflow’","nodeId":"25c52c0b-acd5-43e8-a37a-db34647c4160"}}
{"__type":"$$EventMessageConfirm","confirm":"ab69b49c-aa81-4b05-a85e-cae37bf8c28e","ts":"2025-09-11T13:43:10.478+00:00","source":{"id":"0","name":"eventBus"}}
{"__type":"$$EventMessageNode","id":"88a8ca65-5df3-4466-88f0-671f4b9d271c","ts":"2025-09-11T13:43:10.483+00:00","eventName":"n8n.node.finished","message":"n8n.node.finished","payload":{"workflowId":"jiQPh4BWiNxnPmm4","workflowName":"My workflow 2","executionId":"3","nodeType":"n8n-nodes-base.manualTrigger","nodeName":"When clicking ‘Execute workflow’","nodeId":"25c52c0b-acd5-43e8-a37a-db34647c4160"}}
{"__type":"$$EventMessageConfirm","confirm":"88a8ca65-5df3-4466-88f0-671f4b9d271c","ts":"2025-09-11T13:43:10.484+00:00","source":{"id":"0","name":"eventBus"}}
{"__type":"$$EventMessageNode","id":"1eb81be7-eab4-4f87-9353-407c9659d7d4","ts":"2025-09-11T13:43:10.484+00:00","eventName":"n8n.node.started","message":"n8n.node.started","payload":{"workflowId":"jiQPh4BWiNxnPmm4","workflowName":"My workflow 2","executionId":"3","nodeType":"n8n-nodes-base.executeCommand","nodeName":"Execute Command","nodeId":"16555536-bebd-4966-b263-c505afbc222c"}}
{"__type":"$$EventMessageConfirm","confirm":"1eb81be7-eab4-4f87-9353-407c9659d7d4","ts":"2025-09-11T13:43:10.485+00:00","source":{"id":"0","name":"eventBus"}}
{"__type":"$$EventMessageNode","id":"6e6e2b29-99de-4fc2-910a-82f5a91c8cc0","ts":"2025-09-11T13:43:10.974+00:00","eventName":"n8n.node.finished","message":"n8n.node.finished","payload":{"workflowId":"jiQPh4BWiNxnPmm4","workflowName":"My workflow 2","executionId":"3","nodeType":"n8n-nodes-base.executeCommand","nodeName":"Execute Command","nodeId":"16555536-bebd-4966-b263-c505afbc222c"}}
{"__type":"$$EventMessageConfirm","confirm":"6e6e2b29-99de-4fc2-910a-82f5a91c8cc0","ts":"2025-09-11T13:43:10.974+00:00","source":{"id":"0","name":"eventBus"}}
{"__type":"$$EventMessageWorkflow","id":"f8a4906a-196f-43f7-94fb-374dc29b2e97","ts":"2025-09-11T13:43:10.980+00:00","eventName":"n8n.workflow.failed","message":"n8n.workflow.failed","payload":{"userId":"10105501-3068-4189-a256-3ccd093d6ea8","executionId":"3","success":false,"isManual":true,"workflowId":"jiQPh4BWiNxnPmm4","workflowName":"My workflow 2","lastNodeExecuted":"Execute Command","errorNodeType":"n8n-nodes-base.executeCommand","errorMessage":"Command failed: /opt/venv/bin/python /data/pipeline.py --warehouse /data/warehouse.duckdb --csv /data/ads_spend.csv --source-file ads_spend.csv --mode incremental\n\nTraceback (most recent call last):\n  File \"/data/pipeline.py\", line 243, in main\n    rows_silver = refresh_silver_and_gold(con)\n                  ^^^^^^^^^^^^^^^^^^^^^^^^^^^^\n  File \"/data/pipeline.py\", line 196, in refresh_silver_and_gold\n    con.execute(SILVER_REFRESH)\nduckdb.duckdb.ParserException: Parser Error: syntax error at or near \"AS\"\n\nDuring handling of the above exception, another exception occurred:\n\nTraceback (most recent call last):\n  File \"/data/pipeline.py\", line 269, in <module>\n    main()\n  File \"/data/pipeline.py\", line 258, in main\n    con.rollback()\nduckdb.duckdb.TransactionException: TransactionContext Error: cannot rollback - no transaction is active\n"}}
{"__type":"$$EventMessageConfirm","confirm":"f8a4906a-196f-43f7-94fb-374dc29b2e97","ts":"2025-09-11T13:43:10.980+00:00","source":{"id":"0","name":"eventBus"}}
